[0m17:39:28.457991 [debug] [MainThread]: Sending event: {'category': 'dbt', 'action': 'invocation', 'label': 'start', 'context': [<snowplow_tracker.self_describing_json.SelfDescribingJson object at 0x7f8d062acd70>, <snowplow_tracker.self_describing_json.SelfDescribingJson object at 0x7f8d0507a240>, <snowplow_tracker.self_describing_json.SelfDescribingJson object at 0x7f8d0549e240>]}


============================== 17:39:28.464272 | 6a97b943-e599-427b-9fbc-53e69c8a029b ==============================
[0m17:39:28.464272 [info ] [MainThread]: Running with dbt=1.8.2
[0m17:39:28.465207 [debug] [MainThread]: running dbt with arguments {'printer_width': '80', 'indirect_selection': 'eager', 'write_json': 'True', 'log_cache_events': 'False', 'partial_parse': 'True', 'cache_selected_only': 'False', 'warn_error': 'None', 'fail_fast': 'False', 'version_check': 'True', 'log_path': 'logs', 'profiles_dir': '/home/alicia/.dbt', 'debug': 'False', 'use_colors': 'True', 'use_experimental_parser': 'False', 'no_print': 'None', 'quiet': 'False', 'warn_error_options': 'WarnErrorOptions(include=[], exclude=[])', 'static_parser': 'True', 'invocation_command': 'dbt init', 'introspect': 'True', 'target_path': 'None', 'log_format': 'default', 'send_anonymous_usage_stats': 'True'}
[0m17:39:28.479097 [warn ] [MainThread]: [ConfigFolderDirectory]: Unable to parse dict {'dir': PosixPath('/home/alicia/.dbt')}
[0m17:39:28.479933 [info ] [MainThread]: Creating dbt configuration folder at 
[0m17:40:07.099661 [debug] [MainThread]: Starter project path: /home/alicia/data-engineer/simple_etl_process/venv/lib/python3.12/site-packages/dbt/include/starter_project
[0m17:40:07.106199 [info ] [MainThread]: 
Your new dbt project "custom_postgres" was created!

For more information on how to configure the profiles.yml file,
please consult the dbt documentation here:

  https://docs.getdbt.com/docs/configure-your-profile

One more thing:

Need help? Don't hesitate to reach out to us via GitHub issues or on Slack:

  https://community.getdbt.com/

Happy modeling!

[0m17:40:07.107010 [info ] [MainThread]: Setting up your profile.
[0m17:43:29.635084 [info ] [MainThread]: Profile custom_postgres written to /home/alicia/.dbt/profiles.yml using target's profile_template.yml and your supplied values. Run 'dbt debug' to validate the connection.
[0m17:43:29.643687 [debug] [MainThread]: Resource report: {"command_name": "init", "command_success": true, "command_wall_clock_time": 241.30551, "process_user_time": 2.301763, "process_kernel_time": 0.180289, "process_mem_max_rss": "91788", "process_in_blocks": "200", "process_out_blocks": "88"}
[0m17:43:29.645830 [debug] [MainThread]: Command `dbt init` succeeded at 17:43:29.645391 after 241.31 seconds
[0m17:43:29.647143 [debug] [MainThread]: Sending event: {'category': 'dbt', 'action': 'invocation', 'label': 'end', 'context': [<snowplow_tracker.self_describing_json.SelfDescribingJson object at 0x7f8d067db140>, <snowplow_tracker.self_describing_json.SelfDescribingJson object at 0x7f8d0517e300>, <snowplow_tracker.self_describing_json.SelfDescribingJson object at 0x7f8d04315820>]}
[0m17:43:29.648937 [debug] [MainThread]: Flushing usage events
